{
  "RSpec": {
    "coverage": {
      "/home/travis/build/alu0100905885/Prct10/lib/prct6/prct6.rb": [
        null,
        1,
        null,
        1,
        null,
        1,
        null,
        null,
        null,
        null,
        1,
        708,
        708,
        708,
        708,
        708,
        708,
        708,
        null,
        null,
        null,
        null,
        1,
        null,
        null,
        null,
        null,
        null,
        1,
        13,
        null,
        null,
        null,
        null,
        1,
        3,
        null,
        null,
        null,
        null,
        1,
        107,
        null,
        null,
        null,
        null,
        1,
        8,
        null,
        null,
        null,
        1,
        1,
        null,
        null,
        null,
        null,
        1,
        null,
        null,
        null,
        null
      ],
      "/home/travis/build/alu0100905885/Prct10/lib/prct6/listas.rb": [
        null,
        null,
        null,
        1,
        null,
        1,
        1,
        null,
        1,
        null,
        null,
        null,
        null,
        1,
        15,
        15,
        null,
        null,
        null,
        null,
        null,
        1,
        21,
        21,
        10,
        null,
        11,
        11,
        null,
        null,
        21,
        null,
        null,
        null,
        null,
        null,
        1,
        1,
        1,
        1,
        1,
        1,
        null,
        null,
        null,
        null,
        null,
        null,
        1,
        1,
        1,
        1,
        1,
        1,
        null,
        null,
        null,
        null,
        null,
        null,
        1,
        2,
        10,
        6,
        6,
        null,
        null,
        null
      ],
      "/home/travis/build/alu0100905885/Prct10/lib/prct6/platos.rb": [
        null,
        null,
        1,
        null,
        null,
        1,
        null,
        1,
        null,
        null,
        null,
        null,
        1,
        45,
        45,
        45,
        45,
        45,
        45,
        null,
        null,
        null,
        null,
        null,
        null,
        1,
        3,
        3,
        3,
        6,
        6,
        6,
        null,
        null,
        3,
        null,
        null,
        null,
        null,
        null,
        1,
        46,
        46,
        null,
        46,
        92,
        92,
        null,
        46,
        null,
        null,
        null,
        null,
        null,
        1,
        1,
        null,
        null,
        null,
        null,
        null,
        null,
        null,
        1,
        null,
        1,
        null,
        null,
        null,
        null,
        1,
        null,
        37,
        null,
        37,
        37,
        37,
        null,
        null,
        null,
        null,
        null,
        1,
        38,
        38,
        null,
        38,
        76,
        76,
        null,
        38,
        null,
        null,
        null,
        null,
        null,
        null,
        null,
        null,
        1,
        null,
        null,
        50,
        37,
        13,
        13,
        null,
        0,
        null,
        null,
        null,
        null,
        50,
        50,
        0,
        0,
        null,
        0,
        null,
        null,
        50,
        null,
        null,
        null,
        null,
        null,
        null,
        1,
        1,
        1,
        null,
        1,
        2,
        2,
        null,
        1,
        null,
        null,
        null,
        null,
        null,
        null,
        1,
        1,
        null,
        null,
        null,
        null,
        null,
        1,
        5,
        null,
        null,
        null
      ],
      "/home/travis/build/alu0100905885/Prct10/lib/prct6/plato_dsl.rb": [
        null,
        1,
        null,
        1,
        null,
        1,
        null,
        2,
        2,
        2,
        null,
        2,
        2,
        null,
        null,
        null,
        null,
        1,
        null,
        1,
        2,
        null,
        null,
        1,
        3,
        3,
        3,
        null,
        null
      ],
      "/home/travis/build/alu0100905885/Prct10/lib/prct6/menu_dsl.rb": [
        null,
        1,
        1,
        1,
        1,
        1,
        1,
        1,
        null,
        1,
        1,
        null,
        null,
        null,
        1,
        2,
        2,
        null,
        null,
        1,
        1,
        null,
        null,
        1,
        1,
        1,
        1,
        1,
        2,
        null,
        1,
        null,
        null
      ]
    },
    "timestamp": 1578576798
  }
}
